<?xml version="1.0" encoding="UTF-8"?>
<!-- Generated by org.testng.reporters.JUnitReportReporter -->
<testsuite name="TESTGIT.TESTGIT.UtilTest" tests="1" time="5.046" ignored="0" failures="0" timestamp="12 Nov 2024 09:24:32 GMT" skipped="0" hostname="DESKTOP-10GO1LG" errors="0">
  <testcase name="utilweb" time="5.046" classname="TESTGIT.TESTGIT.UtilTest"/>
</testsuite> <!-- TESTGIT.TESTGIT.UtilTest -->
